<?xml version="1.0" encoding="UTF-8"?>
<!-- Generated by org.testng.reporters.JUnitReportReporter -->
<testsuite hostname="Aj" failures="0" tests="2" name="org.excel.template.ExcelTest" time="1.490" errors="0" timestamp="17 Mar 2023 13:04:12 GMT" skipped="1">
  <testcase classname="org.excel.template.ExcelTest" name="test2" time="1.490"/>
  <testcase classname="org.excel.template.ExcelTest" name="test">
    <skipped/>
  </testcase> <!-- test -->
</testsuite> <!-- org.excel.template.ExcelTest -->
